<?xml version="1.0" encoding="UTF-8"?>
<testsuite name="me.duhui.springbootdeveloper.config.jwt.TokenProviderTest" tests="5" skipped="0" failures="0" errors="0" timestamp="2023-06-23T02:16:57" hostname="DESKTOP-IDQKPQV" time="0.519">
  <properties/>
  <testcase name="validToken(): 유효한 토큰이면 인증에 성공한다" classname="me.duhui.springbootdeveloper.config.jwt.TokenProviderTest" time="0.382"/>
  <testcase name="validToken(): 만료된 토큰이면 인증에 실패한다" classname="me.duhui.springbootdeveloper.config.jwt.TokenProviderTest" time="0.006"/>
  <testcase name="getAuthentication(): 토큰 기반으로 인증 정보를 가져올 수 있다." classname="me.duhui.springbootdeveloper.config.jwt.TokenProviderTest" time="0.013"/>
  <testcase name="getUserId(): 토큰으로 유저 ID를 가져올 수 있다." classname="me.duhui.springbootdeveloper.config.jwt.TokenProviderTest" time="0.008"/>
  <testcase name="generateToken(): 유저 정보와 만료기간을 전달해 토큰 생성" classname="me.duhui.springbootdeveloper.config.jwt.TokenProviderTest" time="0.106"/>
  <system-out><![CDATA[11:16:50.451 [Test worker] DEBUG org.springframework.boot.test.context.SpringBootTestContextBootstrapper - Neither @ContextConfiguration nor @ContextHierarchy found for test class [TokenProviderTest]: using SpringBootContextLoader
11:16:50.458 [Test worker] DEBUG org.springframework.test.context.support.AbstractContextLoader - Could not detect default resource locations for test class [me.duhui.springbootdeveloper.config.jwt.TokenProviderTest]: no resource found for suffixes {-context.xml, Context.groovy}.
11:16:50.459 [Test worker] INFO org.springframework.test.context.support.AnnotationConfigContextLoaderUtils - Could not detect default configuration classes for test class [me.duhui.springbootdeveloper.config.jwt.TokenProviderTest]: TokenProviderTest does not declare any static, non-private, non-final, nested classes annotated with @Configuration.
11:16:50.498 [Test worker] DEBUG org.springframework.boot.test.context.SpringBootTestContextBootstrapper - Using ContextCustomizers for test class [TokenProviderTest]: [DisableObservabilityContextCustomizer, PropertyMappingContextCustomizer, Customizer, ExcludeFilterContextCustomizer, DuplicateJsonObjectContextCustomizer, MockitoContextCustomizer, TestRestTemplateContextCustomizer]
11:16:50.602 [Test worker] DEBUG org.springframework.context.annotation.ClassPathScanningCandidateComponentProvider - Identified candidate component class: file [C:\Users\dadad\OneDrive\desktop\BlogProject\BlogProject\build\classes\java\main\me\duhui\springbootdeveloper\SpringBootDeveloperApplication.class]
11:16:50.604 [Test worker] INFO org.springframework.boot.test.context.SpringBootTestContextBootstrapper - Found @SpringBootConfiguration me.duhui.springbootdeveloper.SpringBootDeveloperApplication for test class me.duhui.springbootdeveloper.config.jwt.TokenProviderTest
11:16:50.765 [Test worker] DEBUG org.springframework.boot.test.context.SpringBootTestContextBootstrapper - Using TestExecutionListeners for test class [TokenProviderTest]: [ServletTestExecutionListener, DirtiesContextBeforeModesTestExecutionListener, ApplicationEventsTestExecutionListener, MockitoTestExecutionListener, DependencyInjectionTestExecutionListener, DirtiesContextTestExecutionListener, TransactionalTestExecutionListener, SqlScriptsTestExecutionListener, WithSecurityContextTestExecutionListener, EventPublishingTestExecutionListener, ReactorContextTestExecutionListener, RestDocsTestExecutionListener, MockRestServiceServerResetTestExecutionListener, MockMvcPrintOnlyOnFailureTestExecutionListener, WebDriverTestExecutionListener, MockWebServiceServerTestExecutionListener, ResetMocksTestExecutionListener]
11:16:50.767 [Test worker] DEBUG org.springframework.test.context.support.AbstractDirtiesContextTestExecutionListener - Before test class: class [TokenProviderTest], class annotated with @DirtiesContext [false] with mode [null]

  .   ____          _            __ _ _
 /\\ / ___'_ __ _ _(_)_ __  __ _ \ \ \ \
( ( )\___ | '_ | '_| | '_ \/ _` | \ \ \ \
 \\/  ___)| |_)| | | | | || (_| |  ) ) ) )
  '  |____| .__|_| |_|_| |_\__, | / / / /
 =========|_|==============|___/=/_/_/_/
 :: Spring Boot ::                (v3.0.2)

2023-06-23T11:16:51.231+09:00  INFO 19460 --- [    Test worker] m.d.s.config.jwt.TokenProviderTest       : Starting TokenProviderTest using Java 17.0.7 with PID 19460 (started by dadad in C:\Users\dadad\OneDrive\desktop\BlogProject\BlogProject)
2023-06-23T11:16:51.232+09:00  INFO 19460 --- [    Test worker] m.d.s.config.jwt.TokenProviderTest       : No active profile set, falling back to 1 default profile: "default"
2023-06-23T11:16:52.344+09:00  INFO 19460 --- [    Test worker] .s.d.r.c.RepositoryConfigurationDelegate : Bootstrapping Spring Data JPA repositories in DEFAULT mode.
2023-06-23T11:16:52.458+09:00  INFO 19460 --- [    Test worker] .s.d.r.c.RepositoryConfigurationDelegate : Finished Spring Data repository scanning in 97 ms. Found 3 JPA repository interfaces.
2023-06-23T11:16:53.083+09:00  INFO 19460 --- [    Test worker] com.zaxxer.hikari.HikariDataSource       : HikariPool-1 - Starting...
2023-06-23T11:16:53.373+09:00  INFO 19460 --- [    Test worker] com.zaxxer.hikari.pool.HikariPool        : HikariPool-1 - Added connection conn0: url=jdbc:h2:mem:b523f389-2fc6-4dda-b4ba-49aefd5a05e9 user=SA
2023-06-23T11:16:53.375+09:00  INFO 19460 --- [    Test worker] com.zaxxer.hikari.HikariDataSource       : HikariPool-1 - Start completed.
2023-06-23T11:16:53.439+09:00  INFO 19460 --- [    Test worker] o.hibernate.jpa.internal.util.LogHelper  : HHH000204: Processing PersistenceUnitInfo [name: default]
2023-06-23T11:16:53.538+09:00  INFO 19460 --- [    Test worker] org.hibernate.Version                    : HHH000412: Hibernate ORM core version 6.1.6.Final
2023-06-23T11:16:53.804+09:00  WARN 19460 --- [    Test worker] org.hibernate.orm.deprecation            : HHH90000021: Encountered deprecated setting [javax.persistence.sharedCache.mode], use [jakarta.persistence.sharedCache.mode] instead
2023-06-23T11:16:54.053+09:00  INFO 19460 --- [    Test worker] SQL dialect                              : HHH000400: Using dialect: org.hibernate.dialect.H2Dialect
Hibernate: 
    
    drop table if exists article cascade 
Hibernate: 
    
    drop table if exists refresh_token cascade 
Hibernate: 
    
    drop table if exists users cascade 
Hibernate: 
    
    create table article (
       id bigint generated by default as identity,
        author varchar(255) not null,
        content varchar(255) not null,
        created_at timestamp(6),
        title varchar(255) not null,
        updated_at timestamp(6),
        primary key (id)
    )
Hibernate: 
    
    create table refresh_token (
       id bigint generated by default as identity,
        refresh_token varchar(255) not null,
        user_id bigint not null,
        primary key (id)
    )
Hibernate: 
    
    create table users (
       id bigint generated by default as identity,
        email varchar(255) not null,
        nickname varchar(255),
        password varchar(255),
        primary key (id)
    )
Hibernate: 
    
    alter table if exists refresh_token 
       add constraint UK_f95ixxe7pa48ryn1awmh2evt7 unique (user_id)
Hibernate: 
    
    alter table if exists users 
       add constraint UK_6dotkott2kjsp8vw4d0m25fb7 unique (email)
Hibernate: 
    
    alter table if exists users 
       add constraint UK_2ty1xmrrgtn89xt7kyxx6ta7h unique (nickname)
2023-06-23T11:16:55.255+09:00  INFO 19460 --- [    Test worker] o.h.e.t.j.p.i.JtaPlatformInitiator       : HHH000490: Using JtaPlatform implementation: [org.hibernate.engine.transaction.jta.platform.internal.NoJtaPlatform]
2023-06-23T11:16:55.274+09:00  INFO 19460 --- [    Test worker] j.LocalContainerEntityManagerFactoryBean : Initialized JPA EntityManagerFactory for persistence unit 'default'
2023-06-23T11:16:56.036+09:00  WARN 19460 --- [    Test worker] JpaBaseConfiguration$JpaWebConfiguration : spring.jpa.open-in-view is enabled by default. Therefore, database queries may be performed during view rendering. Explicitly configure spring.jpa.open-in-view to disable this warning
2023-06-23T11:16:56.584+09:00  INFO 19460 --- [    Test worker] o.s.s.web.DefaultSecurityFilterChain     : Will secure any request with [org.springframework.security.web.session.DisableEncodeUrlFilter@363e2009, org.springframework.security.web.context.request.async.WebAsyncManagerIntegrationFilter@7b55fc83, org.springframework.security.web.context.SecurityContextHolderFilter@198a0416, org.springframework.security.web.header.HeaderWriterFilter@46bff388, org.springframework.security.web.authentication.logout.LogoutFilter@76876421, org.springframework.security.oauth2.client.web.OAuth2AuthorizationRequestRedirectFilter@487bc2fe, org.springframework.security.oauth2.client.web.OAuth2LoginAuthenticationFilter@58038583, me.duhui.springbootdeveloper.config.TokenAuthenticationFilter@bae5e58, org.springframework.security.web.savedrequest.RequestCacheAwareFilter@65871cfd, org.springframework.security.web.servletapi.SecurityContextHolderAwareRequestFilter@7a57c5d9, org.springframework.security.web.authentication.AnonymousAuthenticationFilter@3615f8d9, org.springframework.security.web.session.SessionManagementFilter@6b3da23f, org.springframework.security.web.access.ExceptionTranslationFilter@703947bd, org.springframework.security.web.access.intercept.AuthorizationFilter@492d38a2]
2023-06-23T11:16:56.976+09:00  INFO 19460 --- [    Test worker] o.s.b.a.h2.H2ConsoleAutoConfiguration    : H2 console available at '/h2-console'. Database available at 'jdbc:h2:mem:b523f389-2fc6-4dda-b4ba-49aefd5a05e9'
2023-06-23T11:16:57.033+09:00  WARN 19460 --- [    Test worker] o.s.s.c.a.web.builders.WebSecurity       : You are asking Spring Security to ignore org.springframework.boot.autoconfigure.security.servlet.PathRequest$H2ConsoleRequestMatcher@597eb9ac. This is not recommended -- please use permitAll via HttpSecurity#authorizeHttpRequests instead.
2023-06-23T11:16:57.033+09:00  INFO 19460 --- [    Test worker] o.s.s.web.DefaultSecurityFilterChain     : Will not secure org.springframework.boot.autoconfigure.security.servlet.PathRequest$H2ConsoleRequestMatcher@597eb9ac
2023-06-23T11:16:57.033+09:00  WARN 19460 --- [    Test worker] o.s.s.c.a.web.builders.WebSecurity       : You are asking Spring Security to ignore Mvc [pattern='/img/**']. This is not recommended -- please use permitAll via HttpSecurity#authorizeHttpRequests instead.
2023-06-23T11:16:57.033+09:00  INFO 19460 --- [    Test worker] o.s.s.web.DefaultSecurityFilterChain     : Will not secure Mvc [pattern='/img/**']
2023-06-23T11:16:57.033+09:00  WARN 19460 --- [    Test worker] o.s.s.c.a.web.builders.WebSecurity       : You are asking Spring Security to ignore Mvc [pattern='/css/**']. This is not recommended -- please use permitAll via HttpSecurity#authorizeHttpRequests instead.
2023-06-23T11:16:57.033+09:00  INFO 19460 --- [    Test worker] o.s.s.web.DefaultSecurityFilterChain     : Will not secure Mvc [pattern='/css/**']
2023-06-23T11:16:57.034+09:00  WARN 19460 --- [    Test worker] o.s.s.c.a.web.builders.WebSecurity       : You are asking Spring Security to ignore Mvc [pattern='/js/**']. This is not recommended -- please use permitAll via HttpSecurity#authorizeHttpRequests instead.
2023-06-23T11:16:57.034+09:00  INFO 19460 --- [    Test worker] o.s.s.web.DefaultSecurityFilterChain     : Will not secure Mvc [pattern='/js/**']
2023-06-23T11:16:57.092+09:00  INFO 19460 --- [    Test worker] m.d.s.config.jwt.TokenProviderTest       : Started TokenProviderTest in 6.255 seconds (process running for 7.888)
Hibernate: 
    insert 
    into
        users
        (id, email, nickname, password) 
    values
        (default, ?, ?, ?)
]]></system-out>
  <system-err><![CDATA[]]></system-err>
</testsuite>
