<?xml version="1.0" encoding="UTF-8"?>
<testsuite name="me.duhui.springbootdeveloper.config.jwt.TokenProviderTest" tests="5" skipped="0" failures="0" errors="0" timestamp="2023-06-23T02:06:00" hostname="DESKTOP-IDQKPQV" time="0.517">
  <properties/>
  <testcase name="validToken(): 유효한 토큰이면 인증에 성공한다" classname="me.duhui.springbootdeveloper.config.jwt.TokenProviderTest" time="0.388"/>
  <testcase name="validToken(): 만료된 토큰이면 인증에 실패한다" classname="me.duhui.springbootdeveloper.config.jwt.TokenProviderTest" time="0.005"/>
  <testcase name="getAuthentication(): 토큰 기반으로 인증 정보를 가져올 수 있다." classname="me.duhui.springbootdeveloper.config.jwt.TokenProviderTest" time="0.011"/>
  <testcase name="getUserId(): 토큰으로 유저 ID를 가져올 수 있다." classname="me.duhui.springbootdeveloper.config.jwt.TokenProviderTest" time="0.008"/>
  <testcase name="generateToken(): 유저 정보와 만료기간을 전달해 토큰 생성" classname="me.duhui.springbootdeveloper.config.jwt.TokenProviderTest" time="0.1"/>
  <system-out><![CDATA[11:05:53.899 [Test worker] DEBUG org.springframework.boot.test.context.SpringBootTestContextBootstrapper - Neither @ContextConfiguration nor @ContextHierarchy found for test class [TokenProviderTest]: using SpringBootContextLoader
11:05:53.906 [Test worker] DEBUG org.springframework.test.context.support.AbstractContextLoader - Could not detect default resource locations for test class [me.duhui.springbootdeveloper.config.jwt.TokenProviderTest]: no resource found for suffixes {-context.xml, Context.groovy}.
11:05:53.907 [Test worker] INFO org.springframework.test.context.support.AnnotationConfigContextLoaderUtils - Could not detect default configuration classes for test class [me.duhui.springbootdeveloper.config.jwt.TokenProviderTest]: TokenProviderTest does not declare any static, non-private, non-final, nested classes annotated with @Configuration.
11:05:53.946 [Test worker] DEBUG org.springframework.boot.test.context.SpringBootTestContextBootstrapper - Using ContextCustomizers for test class [TokenProviderTest]: [DisableObservabilityContextCustomizer, PropertyMappingContextCustomizer, Customizer, ExcludeFilterContextCustomizer, DuplicateJsonObjectContextCustomizer, MockitoContextCustomizer, TestRestTemplateContextCustomizer]
11:05:54.066 [Test worker] DEBUG org.springframework.context.annotation.ClassPathScanningCandidateComponentProvider - Identified candidate component class: file [C:\Users\dadad\OneDrive\desktop\BlogProject\BlogProject\build\classes\java\main\me\duhui\springbootdeveloper\SpringBootDeveloperApplication.class]
11:05:54.068 [Test worker] INFO org.springframework.boot.test.context.SpringBootTestContextBootstrapper - Found @SpringBootConfiguration me.duhui.springbootdeveloper.SpringBootDeveloperApplication for test class me.duhui.springbootdeveloper.config.jwt.TokenProviderTest
11:05:54.224 [Test worker] DEBUG org.springframework.boot.test.context.SpringBootTestContextBootstrapper - Using TestExecutionListeners for test class [TokenProviderTest]: [ServletTestExecutionListener, DirtiesContextBeforeModesTestExecutionListener, ApplicationEventsTestExecutionListener, MockitoTestExecutionListener, DependencyInjectionTestExecutionListener, DirtiesContextTestExecutionListener, TransactionalTestExecutionListener, SqlScriptsTestExecutionListener, WithSecurityContextTestExecutionListener, EventPublishingTestExecutionListener, ReactorContextTestExecutionListener, RestDocsTestExecutionListener, MockRestServiceServerResetTestExecutionListener, MockMvcPrintOnlyOnFailureTestExecutionListener, WebDriverTestExecutionListener, MockWebServiceServerTestExecutionListener, ResetMocksTestExecutionListener]
11:05:54.226 [Test worker] DEBUG org.springframework.test.context.support.AbstractDirtiesContextTestExecutionListener - Before test class: class [TokenProviderTest], class annotated with @DirtiesContext [false] with mode [null]

  .   ____          _            __ _ _
 /\\ / ___'_ __ _ _(_)_ __  __ _ \ \ \ \
( ( )\___ | '_ | '_| | '_ \/ _` | \ \ \ \
 \\/  ___)| |_)| | | | | || (_| |  ) ) ) )
  '  |____| .__|_| |_|_| |_\__, | / / / /
 =========|_|==============|___/=/_/_/_/
 :: Spring Boot ::                (v3.0.2)

2023-06-23T11:05:54.688+09:00  INFO 4476 --- [    Test worker] m.d.s.config.jwt.TokenProviderTest       : Starting TokenProviderTest using Java 17.0.7 with PID 4476 (started by dadad in C:\Users\dadad\OneDrive\desktop\BlogProject\BlogProject)
2023-06-23T11:05:54.689+09:00  INFO 4476 --- [    Test worker] m.d.s.config.jwt.TokenProviderTest       : No active profile set, falling back to 1 default profile: "default"
2023-06-23T11:05:55.791+09:00  INFO 4476 --- [    Test worker] .s.d.r.c.RepositoryConfigurationDelegate : Bootstrapping Spring Data JPA repositories in DEFAULT mode.
2023-06-23T11:05:55.881+09:00  INFO 4476 --- [    Test worker] .s.d.r.c.RepositoryConfigurationDelegate : Finished Spring Data repository scanning in 80 ms. Found 3 JPA repository interfaces.
2023-06-23T11:05:56.467+09:00  INFO 4476 --- [    Test worker] com.zaxxer.hikari.HikariDataSource       : HikariPool-1 - Starting...
2023-06-23T11:05:56.750+09:00  INFO 4476 --- [    Test worker] com.zaxxer.hikari.pool.HikariPool        : HikariPool-1 - Added connection conn0: url=jdbc:h2:mem:6fb208d0-7750-4333-a2a3-cf926d447347 user=SA
2023-06-23T11:05:56.753+09:00  INFO 4476 --- [    Test worker] com.zaxxer.hikari.HikariDataSource       : HikariPool-1 - Start completed.
2023-06-23T11:05:56.814+09:00  INFO 4476 --- [    Test worker] o.hibernate.jpa.internal.util.LogHelper  : HHH000204: Processing PersistenceUnitInfo [name: default]
2023-06-23T11:05:56.914+09:00  INFO 4476 --- [    Test worker] org.hibernate.Version                    : HHH000412: Hibernate ORM core version 6.1.6.Final
2023-06-23T11:05:57.186+09:00  WARN 4476 --- [    Test worker] org.hibernate.orm.deprecation            : HHH90000021: Encountered deprecated setting [javax.persistence.sharedCache.mode], use [jakarta.persistence.sharedCache.mode] instead
2023-06-23T11:05:57.435+09:00  INFO 4476 --- [    Test worker] SQL dialect                              : HHH000400: Using dialect: org.hibernate.dialect.H2Dialect
Hibernate: 
    
    drop table if exists article cascade 
Hibernate: 
    
    drop table if exists refresh_token cascade 
Hibernate: 
    
    drop table if exists users cascade 
Hibernate: 
    
    create table article (
       id bigint generated by default as identity,
        author varchar(255) not null,
        content varchar(255) not null,
        created_at timestamp(6),
        title varchar(255) not null,
        updated_at timestamp(6),
        primary key (id)
    )
Hibernate: 
    
    create table refresh_token (
       id bigint generated by default as identity,
        refresh_token varchar(255) not null,
        user_id bigint not null,
        primary key (id)
    )
Hibernate: 
    
    create table users (
       id bigint generated by default as identity,
        email varchar(255) not null,
        nickname varchar(255),
        password varchar(255),
        primary key (id)
    )
Hibernate: 
    
    alter table if exists refresh_token 
       add constraint UK_f95ixxe7pa48ryn1awmh2evt7 unique (user_id)
Hibernate: 
    
    alter table if exists users 
       add constraint UK_6dotkott2kjsp8vw4d0m25fb7 unique (email)
Hibernate: 
    
    alter table if exists users 
       add constraint UK_2ty1xmrrgtn89xt7kyxx6ta7h unique (nickname)
2023-06-23T11:05:58.669+09:00  INFO 4476 --- [    Test worker] o.h.e.t.j.p.i.JtaPlatformInitiator       : HHH000490: Using JtaPlatform implementation: [org.hibernate.engine.transaction.jta.platform.internal.NoJtaPlatform]
2023-06-23T11:05:58.684+09:00  INFO 4476 --- [    Test worker] j.LocalContainerEntityManagerFactoryBean : Initialized JPA EntityManagerFactory for persistence unit 'default'
2023-06-23T11:05:59.300+09:00  WARN 4476 --- [    Test worker] JpaBaseConfiguration$JpaWebConfiguration : spring.jpa.open-in-view is enabled by default. Therefore, database queries may be performed during view rendering. Explicitly configure spring.jpa.open-in-view to disable this warning
2023-06-23T11:05:59.840+09:00  INFO 4476 --- [    Test worker] o.s.s.web.DefaultSecurityFilterChain     : Will secure any request with [org.springframework.security.web.session.DisableEncodeUrlFilter@c3836b6, org.springframework.security.web.context.request.async.WebAsyncManagerIntegrationFilter@60317de8, org.springframework.security.web.context.SecurityContextHolderFilter@69c263f8, org.springframework.security.web.header.HeaderWriterFilter@703947bd, org.springframework.security.web.authentication.logout.LogoutFilter@389a9ff6, org.springframework.security.oauth2.client.web.OAuth2AuthorizationRequestRedirectFilter@5980e29f, org.springframework.security.oauth2.client.web.OAuth2LoginAuthenticationFilter@2cdd156b, me.duhui.springbootdeveloper.config.TokenAuthenticationFilter@394950ad, org.springframework.security.web.savedrequest.RequestCacheAwareFilter@198a0416, org.springframework.security.web.servletapi.SecurityContextHolderAwareRequestFilter@3bdc8975, org.springframework.security.web.authentication.AnonymousAuthenticationFilter@363e2009, org.springframework.security.web.session.SessionManagementFilter@46bff388, org.springframework.security.web.access.ExceptionTranslationFilter@496004e3, org.springframework.security.web.access.intercept.AuthorizationFilter@5f8a29ca]
2023-06-23T11:06:00.200+09:00  INFO 4476 --- [    Test worker] o.s.b.a.h2.H2ConsoleAutoConfiguration    : H2 console available at '/h2-console'. Database available at 'jdbc:h2:mem:6fb208d0-7750-4333-a2a3-cf926d447347'
2023-06-23T11:06:00.257+09:00  WARN 4476 --- [    Test worker] o.s.s.c.a.web.builders.WebSecurity       : You are asking Spring Security to ignore org.springframework.boot.autoconfigure.security.servlet.PathRequest$H2ConsoleRequestMatcher@17810908. This is not recommended -- please use permitAll via HttpSecurity#authorizeHttpRequests instead.
2023-06-23T11:06:00.257+09:00  INFO 4476 --- [    Test worker] o.s.s.web.DefaultSecurityFilterChain     : Will not secure org.springframework.boot.autoconfigure.security.servlet.PathRequest$H2ConsoleRequestMatcher@17810908
2023-06-23T11:06:00.258+09:00  WARN 4476 --- [    Test worker] o.s.s.c.a.web.builders.WebSecurity       : You are asking Spring Security to ignore Mvc [pattern='/img/**']. This is not recommended -- please use permitAll via HttpSecurity#authorizeHttpRequests instead.
2023-06-23T11:06:00.258+09:00  INFO 4476 --- [    Test worker] o.s.s.web.DefaultSecurityFilterChain     : Will not secure Mvc [pattern='/img/**']
2023-06-23T11:06:00.258+09:00  WARN 4476 --- [    Test worker] o.s.s.c.a.web.builders.WebSecurity       : You are asking Spring Security to ignore Mvc [pattern='/css/**']. This is not recommended -- please use permitAll via HttpSecurity#authorizeHttpRequests instead.
2023-06-23T11:06:00.258+09:00  INFO 4476 --- [    Test worker] o.s.s.web.DefaultSecurityFilterChain     : Will not secure Mvc [pattern='/css/**']
2023-06-23T11:06:00.258+09:00  WARN 4476 --- [    Test worker] o.s.s.c.a.web.builders.WebSecurity       : You are asking Spring Security to ignore Mvc [pattern='/js/**']. This is not recommended -- please use permitAll via HttpSecurity#authorizeHttpRequests instead.
2023-06-23T11:06:00.258+09:00  INFO 4476 --- [    Test worker] o.s.s.web.DefaultSecurityFilterChain     : Will not secure Mvc [pattern='/js/**']
2023-06-23T11:06:00.312+09:00  INFO 4476 --- [    Test worker] m.d.s.config.jwt.TokenProviderTest       : Started TokenProviderTest in 6.02 seconds (process running for 8.299)
Hibernate: 
    insert 
    into
        users
        (id, email, nickname, password) 
    values
        (default, ?, ?, ?)
]]></system-out>
  <system-err><![CDATA[]]></system-err>
</testsuite>
