<?xml version="1.0" encoding="UTF-8"?>
<testsuite name="me.duhui.springbootdeveloper.config.jwt.TokenProviderTest" tests="5" skipped="0" failures="0" errors="0" timestamp="2023-06-23T01:41:24" hostname="DESKTOP-IDQKPQV" time="1.758">
  <properties/>
  <testcase name="validToken(): 유효한 토큰이면 인증에 성공한다" classname="me.duhui.springbootdeveloper.config.jwt.TokenProviderTest" time="1.536"/>
  <testcase name="validToken(): 만료된 토큰이면 인증에 실패한다" classname="me.duhui.springbootdeveloper.config.jwt.TokenProviderTest" time="0.006"/>
  <testcase name="getAuthentication(): 토큰 기반으로 인증 정보를 가져올 수 있다." classname="me.duhui.springbootdeveloper.config.jwt.TokenProviderTest" time="0.014"/>
  <testcase name="getUserId(): 토큰으로 유저 ID를 가져올 수 있다." classname="me.duhui.springbootdeveloper.config.jwt.TokenProviderTest" time="0.01"/>
  <testcase name="generateToken(): 유저 정보와 만료기간을 전달해 토큰 생성" classname="me.duhui.springbootdeveloper.config.jwt.TokenProviderTest" time="0.184"/>
  <system-out><![CDATA[10:41:03.516 [Test worker] DEBUG org.springframework.boot.test.context.SpringBootTestContextBootstrapper - Neither @ContextConfiguration nor @ContextHierarchy found for test class [TokenProviderTest]: using SpringBootContextLoader
10:41:03.530 [Test worker] DEBUG org.springframework.test.context.support.AbstractContextLoader - Could not detect default resource locations for test class [me.duhui.springbootdeveloper.config.jwt.TokenProviderTest]: no resource found for suffixes {-context.xml, Context.groovy}.
10:41:03.532 [Test worker] INFO org.springframework.test.context.support.AnnotationConfigContextLoaderUtils - Could not detect default configuration classes for test class [me.duhui.springbootdeveloper.config.jwt.TokenProviderTest]: TokenProviderTest does not declare any static, non-private, non-final, nested classes annotated with @Configuration.
10:41:03.685 [Test worker] DEBUG org.springframework.boot.test.context.SpringBootTestContextBootstrapper - Using ContextCustomizers for test class [TokenProviderTest]: [DisableObservabilityContextCustomizer, PropertyMappingContextCustomizer, Customizer, ExcludeFilterContextCustomizer, DuplicateJsonObjectContextCustomizer, MockitoContextCustomizer, TestRestTemplateContextCustomizer]
10:41:03.975 [Test worker] DEBUG org.springframework.context.annotation.ClassPathScanningCandidateComponentProvider - Identified candidate component class: file [C:\Users\dadad\OneDrive\desktop\BlogProject\BlogProject\build\classes\java\main\me\duhui\springbootdeveloper\SpringBootDeveloperApplication.class]
10:41:03.978 [Test worker] INFO org.springframework.boot.test.context.SpringBootTestContextBootstrapper - Found @SpringBootConfiguration me.duhui.springbootdeveloper.SpringBootDeveloperApplication for test class me.duhui.springbootdeveloper.config.jwt.TokenProviderTest
10:41:04.481 [Test worker] DEBUG org.springframework.boot.test.context.SpringBootTestContextBootstrapper - Using TestExecutionListeners for test class [TokenProviderTest]: [ServletTestExecutionListener, DirtiesContextBeforeModesTestExecutionListener, ApplicationEventsTestExecutionListener, MockitoTestExecutionListener, DependencyInjectionTestExecutionListener, DirtiesContextTestExecutionListener, TransactionalTestExecutionListener, SqlScriptsTestExecutionListener, WithSecurityContextTestExecutionListener, EventPublishingTestExecutionListener, ReactorContextTestExecutionListener, RestDocsTestExecutionListener, MockRestServiceServerResetTestExecutionListener, MockMvcPrintOnlyOnFailureTestExecutionListener, WebDriverTestExecutionListener, MockWebServiceServerTestExecutionListener, ResetMocksTestExecutionListener]
10:41:04.483 [Test worker] DEBUG org.springframework.test.context.support.AbstractDirtiesContextTestExecutionListener - Before test class: class [TokenProviderTest], class annotated with @DirtiesContext [false] with mode [null]

  .   ____          _            __ _ _
 /\\ / ___'_ __ _ _(_)_ __  __ _ \ \ \ \
( ( )\___ | '_ | '_| | '_ \/ _` | \ \ \ \
 \\/  ___)| |_)| | | | | || (_| |  ) ) ) )
  '  |____| .__|_| |_|_| |_\__, | / / / /
 =========|_|==============|___/=/_/_/_/
 :: Spring Boot ::                (v3.0.2)

2023-06-23T10:41:06.057+09:00  INFO 1780 --- [    Test worker] m.d.s.config.jwt.TokenProviderTest       : Starting TokenProviderTest using Java 17.0.7 with PID 1780 (started by dadad in C:\Users\dadad\OneDrive\desktop\BlogProject\BlogProject)
2023-06-23T10:41:06.068+09:00  INFO 1780 --- [    Test worker] m.d.s.config.jwt.TokenProviderTest       : No active profile set, falling back to 1 default profile: "default"
2023-06-23T10:41:10.072+09:00  INFO 1780 --- [    Test worker] .s.d.r.c.RepositoryConfigurationDelegate : Bootstrapping Spring Data JPA repositories in DEFAULT mode.
2023-06-23T10:41:10.478+09:00  INFO 1780 --- [    Test worker] .s.d.r.c.RepositoryConfigurationDelegate : Finished Spring Data repository scanning in 375 ms. Found 3 JPA repository interfaces.
2023-06-23T10:41:13.099+09:00  INFO 1780 --- [    Test worker] com.zaxxer.hikari.HikariDataSource       : HikariPool-1 - Starting...
2023-06-23T10:41:13.999+09:00  INFO 1780 --- [    Test worker] com.zaxxer.hikari.pool.HikariPool        : HikariPool-1 - Added connection conn0: url=jdbc:h2:mem:5112b5ae-d261-46e7-879e-216480d2352a user=SA
2023-06-23T10:41:14.013+09:00  INFO 1780 --- [    Test worker] com.zaxxer.hikari.HikariDataSource       : HikariPool-1 - Start completed.
2023-06-23T10:41:14.206+09:00  INFO 1780 --- [    Test worker] o.hibernate.jpa.internal.util.LogHelper  : HHH000204: Processing PersistenceUnitInfo [name: default]
2023-06-23T10:41:14.561+09:00  INFO 1780 --- [    Test worker] org.hibernate.Version                    : HHH000412: Hibernate ORM core version 6.1.6.Final
2023-06-23T10:41:15.590+09:00  WARN 1780 --- [    Test worker] org.hibernate.orm.deprecation            : HHH90000021: Encountered deprecated setting [javax.persistence.sharedCache.mode], use [jakarta.persistence.sharedCache.mode] instead
2023-06-23T10:41:16.311+09:00  INFO 1780 --- [    Test worker] SQL dialect                              : HHH000400: Using dialect: org.hibernate.dialect.H2Dialect
Hibernate: 
    
    drop table if exists article cascade 
Hibernate: 
    
    drop table if exists refresh_token cascade 
Hibernate: 
    
    drop table if exists users cascade 
Hibernate: 
    
    create table article (
       id bigint generated by default as identity,
        author varchar(255) not null,
        content varchar(255) not null,
        created_at timestamp(6),
        title varchar(255) not null,
        updated_at timestamp(6),
        primary key (id)
    )
Hibernate: 
    
    create table refresh_token (
       id bigint generated by default as identity,
        refresh_token varchar(255) not null,
        user_id bigint not null,
        primary key (id)
    )
Hibernate: 
    
    create table users (
       id bigint generated by default as identity,
        email varchar(255) not null,
        nickname varchar(255),
        password varchar(255),
        primary key (id)
    )
Hibernate: 
    
    alter table if exists refresh_token 
       add constraint UK_f95ixxe7pa48ryn1awmh2evt7 unique (user_id)
Hibernate: 
    
    alter table if exists users 
       add constraint UK_6dotkott2kjsp8vw4d0m25fb7 unique (email)
Hibernate: 
    
    alter table if exists users 
       add constraint UK_2ty1xmrrgtn89xt7kyxx6ta7h unique (nickname)
2023-06-23T10:41:19.127+09:00  INFO 1780 --- [    Test worker] o.h.e.t.j.p.i.JtaPlatformInitiator       : HHH000490: Using JtaPlatform implementation: [org.hibernate.engine.transaction.jta.platform.internal.NoJtaPlatform]
2023-06-23T10:41:19.143+09:00  INFO 1780 --- [    Test worker] j.LocalContainerEntityManagerFactoryBean : Initialized JPA EntityManagerFactory for persistence unit 'default'
2023-06-23T10:41:20.754+09:00  WARN 1780 --- [    Test worker] JpaBaseConfiguration$JpaWebConfiguration : spring.jpa.open-in-view is enabled by default. Therefore, database queries may be performed during view rendering. Explicitly configure spring.jpa.open-in-view to disable this warning
2023-06-23T10:41:22.486+09:00  INFO 1780 --- [    Test worker] o.s.s.web.DefaultSecurityFilterChain     : Will secure any request with [org.springframework.security.web.session.DisableEncodeUrlFilter@15af06f, org.springframework.security.web.context.request.async.WebAsyncManagerIntegrationFilter@76876421, org.springframework.security.web.context.SecurityContextHolderFilter@5183131d, org.springframework.security.web.header.HeaderWriterFilter@496004e3, org.springframework.security.web.authentication.logout.LogoutFilter@141c66db, org.springframework.security.oauth2.client.web.OAuth2AuthorizationRequestRedirectFilter@5746609e, org.springframework.security.oauth2.client.web.OAuth2LoginAuthenticationFilter@40da1644, me.duhui.springbootdeveloper.config.TokenAuthenticationFilter@4687c184, org.springframework.security.web.savedrequest.RequestCacheAwareFilter@69c263f8, org.springframework.security.web.servletapi.SecurityContextHolderAwareRequestFilter@65871cfd, org.springframework.security.web.authentication.AnonymousAuthenticationFilter@c3836b6, org.springframework.security.web.session.SessionManagementFilter@703947bd, org.springframework.security.web.access.ExceptionTranslationFilter@6e627ab8, org.springframework.security.web.access.intercept.AuthorizationFilter@2f09907]
2023-06-23T10:41:24.231+09:00  INFO 1780 --- [    Test worker] o.s.b.a.h2.H2ConsoleAutoConfiguration    : H2 console available at '/h2-console'. Database available at 'jdbc:h2:mem:5112b5ae-d261-46e7-879e-216480d2352a'
2023-06-23T10:41:24.501+09:00  WARN 1780 --- [    Test worker] o.s.s.c.a.web.builders.WebSecurity       : You are asking Spring Security to ignore org.springframework.boot.autoconfigure.security.servlet.PathRequest$H2ConsoleRequestMatcher@8a8cab8. This is not recommended -- please use permitAll via HttpSecurity#authorizeHttpRequests instead.
2023-06-23T10:41:24.501+09:00  INFO 1780 --- [    Test worker] o.s.s.web.DefaultSecurityFilterChain     : Will not secure org.springframework.boot.autoconfigure.security.servlet.PathRequest$H2ConsoleRequestMatcher@8a8cab8
2023-06-23T10:41:24.501+09:00  WARN 1780 --- [    Test worker] o.s.s.c.a.web.builders.WebSecurity       : You are asking Spring Security to ignore Mvc [pattern='/img/**']. This is not recommended -- please use permitAll via HttpSecurity#authorizeHttpRequests instead.
2023-06-23T10:41:24.502+09:00  INFO 1780 --- [    Test worker] o.s.s.web.DefaultSecurityFilterChain     : Will not secure Mvc [pattern='/img/**']
2023-06-23T10:41:24.502+09:00  WARN 1780 --- [    Test worker] o.s.s.c.a.web.builders.WebSecurity       : You are asking Spring Security to ignore Mvc [pattern='/css/**']. This is not recommended -- please use permitAll via HttpSecurity#authorizeHttpRequests instead.
2023-06-23T10:41:24.502+09:00  INFO 1780 --- [    Test worker] o.s.s.web.DefaultSecurityFilterChain     : Will not secure Mvc [pattern='/css/**']
2023-06-23T10:41:24.502+09:00  WARN 1780 --- [    Test worker] o.s.s.c.a.web.builders.WebSecurity       : You are asking Spring Security to ignore Mvc [pattern='/js/**']. This is not recommended -- please use permitAll via HttpSecurity#authorizeHttpRequests instead.
2023-06-23T10:41:24.502+09:00  INFO 1780 --- [    Test worker] o.s.s.web.DefaultSecurityFilterChain     : Will not secure Mvc [pattern='/js/**']
2023-06-23T10:41:24.685+09:00  INFO 1780 --- [    Test worker] m.d.s.config.jwt.TokenProviderTest       : Started TokenProviderTest in 19.851 seconds (process running for 25.874)
Hibernate: 
    insert 
    into
        users
        (id, email, nickname, password) 
    values
        (default, ?, ?, ?)
]]></system-out>
  <system-err><![CDATA[]]></system-err>
</testsuite>
